<?xml version="1.0" encoding="UTF-8"?>
<!DOCTYPE beans PUBLIC "-//SPRING//DTD BEAN//EN"
	"http://www.springframework.org/dtd/spring-beans.dtd">
<beans>

    <bean id="securityAwareConfigurer" class="org.springframework.richclient.security.SecurityAwareConfigurer" lazy-init="false" />

    <bean id="applicationWindowPrototype"
        class="org.springframework.richclient.security.support.DefaultSecurityControllerManagerTests$TestApplicationWindow"
        lazy-init="true"/>
        
    <bean id="applicationObjectConfigurer"
        class="org.springframework.richclient.application.config.DefaultApplicationObjectConfigurer">
        <constructor-arg index="0" ref="messageSource" />
        <constructor-arg index="1" ref="imageSource" />
        <constructor-arg index="2" ref="iconSource" />
    </bean>

    <bean id="messageSource" class="org.springframework.context.support.ResourceBundleMessageSource">
        <property name="basenames">
            <list>
                <value>org.springframework.richclient.application.messages</value>
            </list>
        </property>
    </bean>

    <bean id="imageResourcesFactory" class="org.springframework.context.support.ResourceMapFactoryBean">
        <property name="locations">
            <list>
                <value>classpath:org/springframework/richclient/image/images.properties</value>
            </list>
        </property>
        <property name="resourceBasePath" value="images/" />
    </bean>

    <bean id="imageSource" class="org.springframework.richclient.image.DefaultImageSource">
        <constructor-arg index="0" ref="imageResourcesFactory" />
        <property name="brokenImageIndicator">
            <value>images/alert/error_obj.gif</value>
        </property>
    </bean>

    <bean id="iconSource" class="org.springframework.richclient.image.DefaultIconSource">
        <constructor-arg index="0" ref="imageSource" />
    </bean>

    <bean id="authenticationManager"
	   class="org.springframework.richclient.security.TestAuthenticationManager"/>

    <bean id="testAuth1" class="org.springframework.richclient.security.support.TestAuthorizable"/>

    <bean id="adminController" class="org.springframework.richclient.security.support.UserRoleSecurityController">
        <property name="authorizingRoles" value="ROLE_ADMIN" />
        <property name="controlledObjects">
            <list>
                <ref bean="testAuth1"/>
            </list>
        </property>
    </bean>

    <bean id="writeController" class="org.springframework.richclient.security.support.UserRoleSecurityController">
        <property name="authorizingRoles" value="ROLE_WRITE,ROLE_ADMIN" />
    </bean>

    <bean id="securityControllerManager" class="org.springframework.richclient.security.support.DefaultSecurityControllerManager">
        <property name="securityControllerMap">
            <map>
                <entry key="adminAlias" value-ref="adminController"/>
            </map>
        </property>
    </bean>
    
</beans>
